[23:49:10.186] [INFO ] [main] - Switching current session persona from [] to [SauceDemoTest-WEB]... (ParallelSession:switchPersona:167) 
[23:49:16.052] [INFO ] [main] - Navigating to url: https://the-internet.herokuapp.com/ (NavigateActions:to:97) 
[23:49:27.205] [INFO ] [main] - Navigating to url: https://www.saucedemo.com (NavigateActions:to:97) 
[23:49:28.422] [INFO ] [main] - Verifying browser url (NavigateActions:verifyUrl:106) 
[23:49:28.424] [INFO ] [main] - Getting url of the browser (NavigateActions:getUrl:80) 
[23:49:28.446] [WARN ] [main] - No listeners found for listener type [FINGERS_ACTION] in Boyka config... (DriverSession:getListener:129) 
[23:49:28.447] [INFO ] [main] - Entering text standard_user to element User Name (TextBoxActions:enterText:62) 
[23:49:28.498] [INFO ] [main] - Executing script (DriverActions:executeScript:75) 
[23:49:28.618] [INFO ] [main] - Executing script (DriverActions:executeScript:75) 
[23:49:28.734] [WARN ] [main] - No listeners found for listener type [FINGERS_ACTION] in Boyka config... (DriverSession:getListener:129) 
[23:49:28.734] [INFO ] [main] - Entering text secret_sauce to element Password (TextBoxActions:enterText:62) 
[23:49:28.765] [INFO ] [main] - Executing script (DriverActions:executeScript:75) 
[23:49:28.873] [INFO ] [main] - Executing script (DriverActions:executeScript:75) 
[23:49:28.980] [WARN ] [main] - No listeners found for listener type [FINGERS_ACTION] in Boyka config... (DriverSession:getListener:129) 
[23:49:28.980] [INFO ] [main] - Clicking on element: Login Button (ClickableActions:click:67) 
[23:49:28.981] [INFO ] [main] - Scrolling element located by [Login Button] into view (ElementActions:scrollIntoView:134) 
[23:49:29.009] [INFO ] [main] - Executing script (DriverActions:executeScript:75) 
[23:49:29.118] [INFO ] [main] - Executing script (DriverActions:executeScript:75) 
[23:49:29.142] [INFO ] [main] - Executing script (DriverActions:executeScript:75) 
[23:49:29.167] [INFO ] [main] - Executing script (DriverActions:executeScript:75) 
[23:49:29.281] [INFO ] [main] - Executing script (DriverActions:executeScript:75) 
[23:49:29.345] [INFO ] [main] - Verifying browser url (NavigateActions:verifyUrl:106) 
[23:49:29.345] [INFO ] [main] - Getting url of the browser (NavigateActions:getUrl:80) 
[23:49:29.350] [INFO ] [main] - Verifying browser title... (WindowActions:verifyTitle:220) 
[23:49:29.350] [INFO ] [main] - Getting title of the browser... (WindowActions:getTitle:109) 
[23:49:29.354] [INFO ] [main] - Verifying element Menu Button is displayed (ElementActions:verifyIsDisplayed:151) 
[23:49:29.354] [INFO ] [main] - Checking if element located by: Menu Button is displayed (ElementActions:isDisplayed:111) 
[23:49:29.376] [INFO ] [main] - Executing script (DriverActions:executeScript:75) 
[23:49:29.487] [INFO ] [main] - Executing script (DriverActions:executeScript:75) 
[23:49:29.514] [INFO ] [main] - Verifying element Menu Button is enabled (ElementActions:verifyIsEnabled:160) 
[23:49:29.514] [INFO ] [main] - Checking if element located by: Menu Button is enabled (ElementActions:isEnabled:119) 
[23:49:29.534] [INFO ] [main] - Executing script (DriverActions:executeScript:75) 
[23:49:29.643] [INFO ] [main] - Executing script (DriverActions:executeScript:75) 
[23:49:29.712] [WARN ] [main] - No listeners found for listener type [FINGERS_ACTION] in Boyka config... (DriverSession:getListener:129) 
[23:49:29.713] [INFO ] [main] - Clicking on element: Add to cart button (ClickableActions:click:67) 
[23:49:29.713] [INFO ] [main] - Scrolling element located by [Add to cart button] into view (ElementActions:scrollIntoView:134) 
[23:49:29.743] [INFO ] [main] - Executing script (DriverActions:executeScript:75) 
[23:49:29.852] [INFO ] [main] - Executing script (DriverActions:executeScript:75) 
[23:49:29.878] [INFO ] [main] - Executing script (DriverActions:executeScript:75) 
[23:49:29.908] [INFO ] [main] - Executing script (DriverActions:executeScript:75) 
[23:49:30.020] [INFO ] [main] - Executing script (DriverActions:executeScript:75) 
[23:49:30.067] [INFO ] [main] - Verifying text of Product price (ElementActions:verifyText:187) 
[23:49:30.068] [INFO ] [main] - Getting text of element located by: Product price (ElementActions:getText:103) 
[23:49:30.090] [INFO ] [main] - Executing script (DriverActions:executeScript:75) 
[23:49:30.203] [INFO ] [main] - Executing script (DriverActions:executeScript:75) 
[23:49:30.237] [INFO ] [main] - Verifying text of Shopping Cart count (ElementActions:verifyText:187) 
[23:49:30.237] [INFO ] [main] - Getting text of element located by: Shopping Cart count (ElementActions:getText:103) 
[23:49:30.273] [INFO ] [main] - Executing script (DriverActions:executeScript:75) 
[23:49:30.385] [INFO ] [main] - Executing script (DriverActions:executeScript:75) 
[23:49:30.421] [WARN ] [main] - No listeners found for listener type [FINGERS_ACTION] in Boyka config... (DriverSession:getListener:129) 
[23:49:30.423] [INFO ] [main] - Clicking on element: Product [Sauce Labs Backpack] (ClickableActions:click:67) 
[23:49:30.423] [INFO ] [main] - Scrolling element located by [Product [Sauce Labs Backpack]] into view (ElementActions:scrollIntoView:134) 
[23:49:30.448] [INFO ] [main] - Executing script (DriverActions:executeScript:75) 
[23:49:30.559] [INFO ] [main] - Executing script (DriverActions:executeScript:75) 
[23:49:30.580] [INFO ] [main] - Executing script (DriverActions:executeScript:75) 
[23:49:30.627] [INFO ] [main] - Executing script (DriverActions:executeScript:75) 
[23:49:30.737] [INFO ] [main] - Executing script (DriverActions:executeScript:75) 
[23:49:30.783] [INFO ] [main] - Verifying browser url (NavigateActions:verifyUrl:106) 
[23:49:30.783] [INFO ] [main] - Getting url of the browser (NavigateActions:getUrl:80) 
[23:49:30.786] [INFO ] [main] - Verifying element Container is displayed (ElementActions:verifyIsDisplayed:151) 
[23:49:30.787] [INFO ] [main] - Checking if element located by: Container is displayed (ElementActions:isDisplayed:111) 
[23:49:30.809] [INFO ] [main] - Executing script (DriverActions:executeScript:75) 
[23:49:30.920] [INFO ] [main] - Executing script (DriverActions:executeScript:75) 
[23:49:30.943] [WARN ] [main] - No listeners found for listener type [FINGERS_ACTION] in Boyka config... (DriverSession:getListener:129) 
[23:49:30.943] [INFO ] [main] - Clicking on element: Shopping Cart (ClickableActions:click:67) 
[23:49:30.943] [INFO ] [main] - Scrolling element located by [Shopping Cart] into view (ElementActions:scrollIntoView:134) 
[23:49:30.963] [INFO ] [main] - Executing script (DriverActions:executeScript:75) 
[23:49:31.076] [INFO ] [main] - Executing script (DriverActions:executeScript:75) 
[23:49:31.098] [INFO ] [main] - Executing script (DriverActions:executeScript:75) 
[23:49:31.120] [INFO ] [main] - Executing script (DriverActions:executeScript:75) 
[23:49:31.230] [INFO ] [main] - Executing script (DriverActions:executeScript:75) 
[23:49:31.276] [INFO ] [main] - Verifying browser url (NavigateActions:verifyUrl:106) 
[23:49:31.277] [INFO ] [main] - Getting url of the browser (NavigateActions:getUrl:80) 
[23:49:31.281] [INFO ] [main] - Verifying element Checkout is displayed (ElementActions:verifyIsDisplayed:151) 
[23:49:31.281] [INFO ] [main] - Checking if element located by: Checkout is displayed (ElementActions:isDisplayed:111) 
[23:49:31.301] [INFO ] [main] - Executing script (DriverActions:executeScript:75) 
[23:49:31.410] [INFO ] [main] - Executing script (DriverActions:executeScript:75) 
[23:49:31.438] [WARN ] [main] - No listeners found for listener type [FINGERS_ACTION] in Boyka config... (DriverSession:getListener:129) 
[23:49:31.438] [INFO ] [main] - Clicking on element: Checkout (ClickableActions:click:67) 
[23:49:31.438] [INFO ] [main] - Scrolling element located by [Checkout] into view (ElementActions:scrollIntoView:134) 
[23:49:31.459] [INFO ] [main] - Executing script (DriverActions:executeScript:75) 
[23:49:31.571] [INFO ] [main] - Executing script (DriverActions:executeScript:75) 
[23:49:31.593] [INFO ] [main] - Executing script (DriverActions:executeScript:75) 
[23:49:31.614] [INFO ] [main] - Executing script (DriverActions:executeScript:75) 
[23:49:31.725] [INFO ] [main] - Executing script (DriverActions:executeScript:75) 
[23:49:31.769] [INFO ] [main] - Verifying browser url (NavigateActions:verifyUrl:106) 
[23:49:31.770] [INFO ] [main] - Getting url of the browser (NavigateActions:getUrl:80) 
[23:49:31.774] [INFO ] [main] - Verifying text of Title (ElementActions:verifyText:187) 
[23:49:31.774] [INFO ] [main] - Getting text of element located by: Title (ElementActions:getText:103) 
[23:49:31.794] [INFO ] [main] - Executing script (DriverActions:executeScript:75) 
[23:49:31.903] [INFO ] [main] - Executing script (DriverActions:executeScript:75) 
[23:49:31.927] [WARN ] [main] - No listeners found for listener type [FINGERS_ACTION] in Boyka config... (DriverSession:getListener:129) 
[23:49:31.928] [INFO ] [main] - Entering text Wasiq to element First Name (TextBoxActions:enterText:62) 
[23:49:31.953] [INFO ] [main] - Executing script (DriverActions:executeScript:75) 
[23:49:32.065] [INFO ] [main] - Executing script (DriverActions:executeScript:75) 
[23:49:32.113] [WARN ] [main] - No listeners found for listener type [FINGERS_ACTION] in Boyka config... (DriverSession:getListener:129) 
[23:49:32.113] [INFO ] [main] - Entering text Bhamla to element Last Name (TextBoxActions:enterText:62) 
[23:49:32.137] [INFO ] [main] - Executing script (DriverActions:executeScript:75) 
[23:49:32.246] [INFO ] [main] - Executing script (DriverActions:executeScript:75) 
[23:49:32.300] [WARN ] [main] - No listeners found for listener type [FINGERS_ACTION] in Boyka config... (DriverSession:getListener:129) 
[23:49:32.300] [INFO ] [main] - Entering text 12345 to element Zip Code (TextBoxActions:enterText:62) 
[23:49:32.324] [INFO ] [main] - Executing script (DriverActions:executeScript:75) 
[23:49:32.436] [INFO ] [main] - Executing script (DriverActions:executeScript:75) 
[23:49:32.482] [WARN ] [main] - No listeners found for listener type [FINGERS_ACTION] in Boyka config... (DriverSession:getListener:129) 
[23:49:32.482] [INFO ] [main] - Clicking on element: Continue Button (ClickableActions:click:67) 
[23:49:32.482] [INFO ] [main] - Scrolling element located by [Continue Button] into view (ElementActions:scrollIntoView:134) 
[23:49:32.508] [INFO ] [main] - Executing script (DriverActions:executeScript:75) 
[23:49:32.620] [INFO ] [main] - Executing script (DriverActions:executeScript:75) 
[23:49:32.641] [INFO ] [main] - Executing script (DriverActions:executeScript:75) 
[23:49:32.662] [INFO ] [main] - Executing script (DriverActions:executeScript:75) 
[23:49:32.774] [INFO ] [main] - Executing script (DriverActions:executeScript:75) 
[23:49:32.825] [WARN ] [main] - No listeners found for listener type [FINGERS_ACTION] in Boyka config... (DriverSession:getListener:129) 
[23:49:32.825] [INFO ] [main] - Clicking on element: Finish (ClickableActions:click:67) 
[23:49:32.826] [INFO ] [main] - Scrolling element located by [Finish] into view (ElementActions:scrollIntoView:134) 
[23:49:32.849] [INFO ] [main] - Executing script (DriverActions:executeScript:75) 
[23:49:32.961] [INFO ] [main] - Executing script (DriverActions:executeScript:75) 
[23:49:32.983] [INFO ] [main] - Executing script (DriverActions:executeScript:75) 
[23:49:33.005] [INFO ] [main] - Executing script (DriverActions:executeScript:75) 
[23:49:33.115] [INFO ] [main] - Executing script (DriverActions:executeScript:75) 
[23:49:33.154] [INFO ] [main] - Verifying browser url (NavigateActions:verifyUrl:106) 
[23:49:33.155] [INFO ] [main] - Getting url of the browser (NavigateActions:getUrl:80) 
[23:49:33.157] [INFO ] [main] - Verifying text of Title (ElementActions:verifyText:187) 
[23:49:33.157] [INFO ] [main] - Getting text of element located by: Title (ElementActions:getText:103) 
[23:49:33.174] [INFO ] [main] - Executing script (DriverActions:executeScript:75) 
[23:49:33.285] [INFO ] [main] - Executing script (DriverActions:executeScript:75) 
[23:49:33.307] [INFO ] [main] - Verifying text of Complete Header (ElementActions:verifyText:187) 
[23:49:33.307] [INFO ] [main] - Getting text of element located by: Complete Header (ElementActions:getText:103) 
[23:49:33.328] [INFO ] [main] - Executing script (DriverActions:executeScript:75) 
[23:49:33.435] [INFO ] [main] - Executing script (DriverActions:executeScript:75) 
[23:49:33.457] [INFO ] [main] - Verifying text of Complete Text (ElementActions:verifyText:187) 
[23:49:33.457] [INFO ] [main] - Getting text of element located by: Complete Text (ElementActions:getText:103) 
[23:49:33.477] [INFO ] [main] - Executing script (DriverActions:executeScript:75) 
[23:49:33.587] [INFO ] [main] - Executing script (DriverActions:executeScript:75) 
[23:49:33.613] [WARN ] [main] - No listeners found for listener type [FINGERS_ACTION] in Boyka config... (DriverSession:getListener:129) 
[23:49:33.613] [INFO ] [main] - Clicking on element: Menu Button (ClickableActions:click:67) 
[23:49:33.613] [INFO ] [main] - Scrolling element located by [Menu Button] into view (ElementActions:scrollIntoView:134) 
[23:49:33.634] [INFO ] [main] - Executing script (DriverActions:executeScript:75) 
[23:49:33.746] [INFO ] [main] - Executing script (DriverActions:executeScript:75) 
[23:49:33.769] [INFO ] [main] - Executing script (DriverActions:executeScript:75) 
[23:49:33.790] [INFO ] [main] - Executing script (DriverActions:executeScript:75) 
[23:49:33.901] [INFO ] [main] - Executing script (DriverActions:executeScript:75) 
[23:49:33.939] [WARN ] [main] - No listeners found for listener type [FINGERS_ACTION] in Boyka config... (DriverSession:getListener:129) 
[23:49:33.939] [INFO ] [main] - Clicking on element: Logout (ClickableActions:click:67) 
[23:49:33.940] [INFO ] [main] - Scrolling element located by [Logout] into view (ElementActions:scrollIntoView:134) 
[23:49:34.485] [INFO ] [main] - Executing script (DriverActions:executeScript:75) 
[23:49:34.598] [INFO ] [main] - Executing script (DriverActions:executeScript:75) 
[23:49:34.622] [INFO ] [main] - Executing script (DriverActions:executeScript:75) 
[23:49:34.645] [INFO ] [main] - Executing script (DriverActions:executeScript:75) 
[23:49:34.756] [INFO ] [main] - Executing script (DriverActions:executeScript:75) 
[23:49:34.798] [INFO ] [main] - Verifying browser url (NavigateActions:verifyUrl:106) 
[23:49:34.798] [INFO ] [main] - Getting url of the browser (NavigateActions:getUrl:80) 
[23:49:34.801] [INFO ] [main] - Verifying element User Name is displayed (ElementActions:verifyIsDisplayed:151) 
[23:49:34.801] [INFO ] [main] - Checking if element located by: User Name is displayed (ElementActions:isDisplayed:111) 
[23:49:34.818] [INFO ] [main] - Executing script (DriverActions:executeScript:75) 
[23:49:34.930] [INFO ] [main] - Executing script (DriverActions:executeScript:75) 
[23:49:34.957] [INFO ] [main] - Switching context to [WEBVIEW]... (ContextActions:switchToWebView:92) 
[23:49:34.963] [INFO ] [main] - Saving [browser] logs to a file... (DriverActions:lambda$saveLogs$4:110) 
[23:49:34.966] [INFO ] [main] - Saving [driver] logs to a file... (DriverActions:lambda$saveLogs$4:110) 
[23:49:34.968] [INFO ] [main] - Saving [client] logs to a file... (DriverActions:lambda$saveLogs$4:110) 
[23:49:34.968] [INFO ] [main] - Clearing session for persona [SauceDemoTest-WEB]... (ParallelSession:clearSession:72) 
[23:49:35.056] [INFO ] [main] - Switching current session persona from [] to [FramesTest]... (ParallelSession:switchPersona:167) 
[23:49:35.885] [INFO ] [main] - Navigating to url: https://the-internet.herokuapp.com/ (NavigateActions:to:97) 
[23:49:42.542] [INFO ] [main] - Navigating to url: https://the-internet.herokuapp.com/ (NavigateActions:to:97) 
[23:49:42.861] [WARN ] [main] - No listeners found for listener type [FINGERS_ACTION] in Boyka config... (DriverSession:getListener:129) 
[23:49:42.861] [INFO ] [main] - Clicking on element: Link [Frames] (ClickableActions:click:67) 
[23:49:42.861] [INFO ] [main] - Scrolling element located by [Link [Frames]] into view (ElementActions:scrollIntoView:134) 
[23:49:42.904] [INFO ] [main] - Executing script (DriverActions:executeScript:75) 
[23:49:43.014] [INFO ] [main] - Executing script (DriverActions:executeScript:75) 
[23:49:43.043] [INFO ] [main] - Executing script (DriverActions:executeScript:75) 
[23:49:43.073] [INFO ] [main] - Executing script (DriverActions:executeScript:75) 
[23:49:43.185] [INFO ] [main] - Executing script (DriverActions:executeScript:75) 
[23:49:43.536] [WARN ] [main] - No listeners found for listener type [FINGERS_ACTION] in Boyka config... (DriverSession:getListener:129) 
[23:49:43.537] [INFO ] [main] - Clicking on element: Nested Frames (ClickableActions:click:67) 
[23:49:43.537] [INFO ] [main] - Scrolling element located by [Nested Frames] into view (ElementActions:scrollIntoView:134) 
[23:49:43.567] [INFO ] [main] - Executing script (DriverActions:executeScript:75) 
[23:49:43.673] [INFO ] [main] - Executing script (DriverActions:executeScript:75) 
[23:49:43.697] [INFO ] [main] - Executing script (DriverActions:executeScript:75) 
[23:49:43.720] [INFO ] [main] - Executing script (DriverActions:executeScript:75) 
[23:49:43.832] [INFO ] [main] - Executing script (DriverActions:executeScript:75) 
[23:49:44.778] [INFO ] [main] - Switching to frame: frame-bottom (FrameActions:switchTo:57) 
[23:49:44.799] [INFO ] [main] - Verifying text of Body (ElementActions:verifyText:187) 
[23:49:44.799] [INFO ] [main] - Getting text of element located by: Body (ElementActions:getText:103) 
[23:49:44.822] [INFO ] [main] - Executing script (DriverActions:executeScript:75) 
[23:49:44.930] [INFO ] [main] - Executing script (DriverActions:executeScript:75) 
[23:49:44.956] [INFO ] [main] - Switching to main frame... (FrameActions:switchToParent:77) 
[23:49:44.959] [INFO ] [main] - Switching to frame: frame-top (FrameActions:switchTo:57) 
[23:49:44.974] [INFO ] [main] - Switching to frame: frame-left (FrameActions:switchTo:57) 
[23:49:44.990] [INFO ] [main] - Verifying text of Body (ElementActions:verifyText:187) 
[23:49:44.991] [INFO ] [main] - Getting text of element located by: Body (ElementActions:getText:103) 
[23:49:45.008] [INFO ] [main] - Executing script (DriverActions:executeScript:75) 
[23:49:45.120] [INFO ] [main] - Executing script (DriverActions:executeScript:75) 
[23:49:45.143] [INFO ] [main] - Switching to main frame... (FrameActions:switchToParent:77) 
[23:49:45.144] [INFO ] [main] - Switching to main frame... (FrameActions:switchToParent:77) 
[23:49:45.147] [INFO ] [main] - Switching to frame: frame-top (FrameActions:switchTo:57) 
[23:49:45.159] [INFO ] [main] - Switching to frame: frame-middle (FrameActions:switchTo:57) 
[23:49:45.173] [INFO ] [main] - Verifying text of Body (ElementActions:verifyText:187) 
[23:49:45.173] [INFO ] [main] - Getting text of element located by: Body (ElementActions:getText:103) 
[23:49:45.190] [INFO ] [main] - Executing script (DriverActions:executeScript:75) 
[23:49:45.297] [INFO ] [main] - Executing script (DriverActions:executeScript:75) 
[23:49:45.322] [INFO ] [main] - Switching to main frame... (FrameActions:switchToParent:77) 
[23:49:45.323] [INFO ] [main] - Switching to main frame... (FrameActions:switchToParent:77) 
[23:49:45.326] [INFO ] [main] - Switching to frame: frame-top (FrameActions:switchTo:57) 
[23:49:45.338] [INFO ] [main] - Switching to frame: frame-right (FrameActions:switchTo:57) 
[23:49:45.352] [INFO ] [main] - Verifying text of Body (ElementActions:verifyText:187) 
[23:49:45.352] [INFO ] [main] - Getting text of element located by: Body (ElementActions:getText:103) 
[23:49:45.368] [INFO ] [main] - Executing script (DriverActions:executeScript:75) 
[23:49:45.480] [INFO ] [main] - Executing script (DriverActions:executeScript:75) 
[23:49:45.503] [INFO ] [main] - Switching to main frame... (FrameActions:switchToParent:77) 
[23:49:45.504] [INFO ] [main] - Switching to main frame... (FrameActions:switchToParent:77) 
[23:49:45.506] [INFO ] [main] - Clearing session for persona [FramesTest]... (ParallelSession:clearSession:72) 
[23:49:45.589] [INFO ] [main] - Switching current session persona from [] to [User 1]... (ParallelSession:switchPersona:167) 
[23:49:46.426] [INFO ] [main] - Navigating to url: https://the-internet.herokuapp.com/ (NavigateActions:to:97) 
[23:49:51.849] [INFO ] [main] - Switching current session persona from [User 1] to [User 2]... (ParallelSession:switchPersona:167) 
[23:49:52.669] [INFO ] [main] - Navigating to url: https://the-internet.herokuapp.com/ (NavigateActions:to:97) 
[23:49:58.723] [INFO ] [main] - Switching current session persona from [User 2] to [User 1]... (ParallelSession:switchPersona:167) 
[23:49:58.726] [INFO ] [main] - Navigating to url: https://jiomeetpro.jio.com/home (NavigateActions:to:97) 
[23:49:59.532] [WARN ] [main] - No listeners found for listener type [FINGERS_ACTION] in Boyka config... (DriverSession:getListener:129) 
[23:49:59.534] [INFO ] [main] - Clicking on element: Sign In (ClickableActions:click:67) 
[23:49:59.536] [INFO ] [main] - Scrolling element located by [Sign In] into view (ElementActions:scrollIntoView:134) 
[23:49:59.723] [INFO ] [main] - Executing script (DriverActions:executeScript:75) 
[23:49:59.999] [INFO ] [main] - Executing script (DriverActions:executeScript:75) 
[23:50:00.046] [INFO ] [main] - Executing script (DriverActions:executeScript:75) 
[23:50:00.085] [INFO ] [main] - Executing script (DriverActions:executeScript:75) 
[23:50:00.193] [INFO ] [main] - Executing script (DriverActions:executeScript:75) 
[23:50:00.342] [WARN ] [main] - No listeners found for listener type [FINGERS_ACTION] in Boyka config... (DriverSession:getListener:129) 
[23:50:00.343] [INFO ] [main] - Entering text test-user1@mailinator.com to element Email (TextBoxActions:enterText:62) 
[23:50:00.369] [INFO ] [main] - Executing script (DriverActions:executeScript:75) 
[23:50:00.483] [INFO ] [main] - Executing script (DriverActions:executeScript:75) 
[23:50:00.598] [WARN ] [main] - No listeners found for listener type [FINGERS_ACTION] in Boyka config... (DriverSession:getListener:129) 
[23:50:00.598] [INFO ] [main] - Clicking on element: Proceed Button (ClickableActions:click:67) 
[23:50:00.599] [INFO ] [main] - Scrolling element located by [Proceed Button] into view (ElementActions:scrollIntoView:134) 
[23:50:00.623] [INFO ] [main] - Executing script (DriverActions:executeScript:75) 
[23:50:00.731] [INFO ] [main] - Executing script (DriverActions:executeScript:75) 
[23:50:00.750] [INFO ] [main] - Executing script (DriverActions:executeScript:75) 
[23:50:00.768] [INFO ] [main] - Executing script (DriverActions:executeScript:75) 
[23:50:00.879] [INFO ] [main] - Executing script (DriverActions:executeScript:75) 
[23:50:00.917] [WARN ] [main] - No listeners found for listener type [FINGERS_ACTION] in Boyka config... (DriverSession:getListener:129) 
[23:50:00.918] [INFO ] [main] - Entering text Admin@1234 to element Password (TextBoxActions:enterText:62) 
[23:50:01.054] [INFO ] [main] - Executing script (DriverActions:executeScript:75) 
[23:50:01.163] [INFO ] [main] - Executing script (DriverActions:executeScript:75) 
[23:50:01.200] [WARN ] [main] - No listeners found for listener type [FINGERS_ACTION] in Boyka config... (DriverSession:getListener:129) 
[23:50:01.200] [INFO ] [main] - Clicking on element: Sign In Button (ClickableActions:click:67) 
[23:50:01.200] [INFO ] [main] - Scrolling element located by [Sign In Button] into view (ElementActions:scrollIntoView:134) 
[23:50:01.227] [INFO ] [main] - Executing script (DriverActions:executeScript:75) 
[23:50:01.338] [INFO ] [main] - Executing script (DriverActions:executeScript:75) 
[23:50:01.359] [INFO ] [main] - Executing script (DriverActions:executeScript:75) 
[23:50:01.381] [INFO ] [main] - Executing script (DriverActions:executeScript:75) 
[23:50:01.492] [INFO ] [main] - Executing script (DriverActions:executeScript:75) 
[23:50:01.535] [WARN ] [main] - No listeners found for listener type [FINGERS_ACTION] in Boyka config... (DriverSession:getListener:129) 
[23:50:01.535] [INFO ] [main] - Clicking on element: Start Meeting (ClickableActions:click:67) 
[23:50:01.535] [INFO ] [main] - Scrolling element located by [Start Meeting] into view (ElementActions:scrollIntoView:134) 
[23:50:01.695] [INFO ] [main] - Executing script (DriverActions:executeScript:75) 
[23:50:01.805] [INFO ] [main] - Executing script (DriverActions:executeScript:75) 
[23:50:01.828] [INFO ] [main] - Executing script (DriverActions:executeScript:75) 
[23:50:01.854] [INFO ] [main] - Executing script (DriverActions:executeScript:75) 
[23:50:01.965] [INFO ] [main] - Executing script (DriverActions:executeScript:75) 
[23:50:02.030] [WARN ] [main] - No listeners found for listener type [FINGERS_ACTION] in Boyka config... (DriverSession:getListener:129) 
[23:50:02.031] [INFO ] [main] - Clicking on element: Start Button (ClickableActions:click:67) 
[23:50:02.031] [INFO ] [main] - Scrolling element located by [Start Button] into view (ElementActions:scrollIntoView:134) 
[23:50:02.059] [INFO ] [main] - Executing script (DriverActions:executeScript:75) 
[23:50:02.244] [INFO ] [main] - Executing script (DriverActions:executeScript:75) 
[23:50:02.271] [INFO ] [main] - Executing script (DriverActions:executeScript:75) 
[23:50:02.292] [INFO ] [main] - Executing script (DriverActions:executeScript:75) 
[23:50:02.399] [INFO ] [main] - Executing script (DriverActions:executeScript:75) 
[23:50:02.438] [INFO ] [main] - Waiting for condition... (DriverActions:waitUntil:129) 
[23:50:14.669] [INFO ] [main] - Getting text of element located by: Meeting Link (ElementActions:getText:103) 
[23:50:14.693] [INFO ] [main] - Executing script (DriverActions:executeScript:75) 
[23:50:14.807] [INFO ] [main] - Executing script (DriverActions:executeScript:75) 
[23:50:14.836] [INFO ] [main] - Switching current session persona from [User 1] to [User 2]... (ParallelSession:switchPersona:167) 
[23:50:14.836] [INFO ] [main] - Navigating to url:  https://jiomeetpro.jio.com/shortener?meetingId=2971679458&pwd=BJj98  (NavigateActions:to:97) 
[23:50:15.724] [WARN ] [main] - No listeners found for listener type [FINGERS_ACTION] in Boyka config... (DriverSession:getListener:129) 
[23:50:15.727] [INFO ] [main] - Entering text User 2 to element Guest Name (TextBoxActions:enterText:62) 
[23:50:16.071] [INFO ] [main] - Executing script (DriverActions:executeScript:75) 
[23:50:16.254] [INFO ] [main] - Executing script (DriverActions:executeScript:75) 
[23:50:16.436] [WARN ] [main] - No listeners found for listener type [FINGERS_ACTION] in Boyka config... (DriverSession:getListener:129) 
[23:50:16.437] [INFO ] [main] - Clicking on element: Join Button (ClickableActions:click:67) 
[23:50:16.437] [INFO ] [main] - Scrolling element located by [Join Button] into view (ElementActions:scrollIntoView:134) 
[23:50:16.465] [INFO ] [main] - Executing script (DriverActions:executeScript:75) 
[23:50:16.571] [INFO ] [main] - Executing script (DriverActions:executeScript:75) 
[23:50:16.593] [INFO ] [main] - Executing script (DriverActions:executeScript:75) 
[23:50:16.617] [INFO ] [main] - Executing script (DriverActions:executeScript:75) 
[23:50:16.727] [INFO ] [main] - Executing script (DriverActions:executeScript:75) 
[23:50:16.775] [INFO ] [main] - Waiting for condition... (DriverActions:waitUntil:129) 
[23:50:29.093] [WARN ] [main] - No listeners found for listener type [FINGERS_ACTION] in Boyka config... (DriverSession:getListener:129) 
[23:50:29.093] [INFO ] [main] - Clicking on element: Show Participants (ClickableActions:click:67) 
[23:50:29.093] [INFO ] [main] - Scrolling element located by [Show Participants] into view (ElementActions:scrollIntoView:134) 
[23:50:29.125] [INFO ] [main] - Executing script (DriverActions:executeScript:75) 
[23:50:29.236] [INFO ] [main] - Executing script (DriverActions:executeScript:75) 
[23:50:29.262] [INFO ] [main] - Executing script (DriverActions:executeScript:75) 
[23:50:29.291] [INFO ] [main] - Executing script (DriverActions:executeScript:75) 
[23:50:29.400] [INFO ] [main] - Executing script (DriverActions:executeScript:75) 
[23:50:29.462] [INFO ] [main] - Verifying text of User [User 2] (ElementActions:verifyText:187) 
[23:50:29.462] [INFO ] [main] - Getting text of element located by: User [User 2] (ElementActions:getText:103) 
[23:50:30.008] [INFO ] [main] - Executing script (DriverActions:executeScript:75) 
[23:50:30.117] [INFO ] [main] - Executing script (DriverActions:executeScript:75) 
[23:50:30.147] [INFO ] [main] - Switching current session persona from [User 2] to [User 1]... (ParallelSession:switchPersona:167) 
[23:50:30.147] [WARN ] [main] - No listeners found for listener type [FINGERS_ACTION] in Boyka config... (DriverSession:getListener:129) 
[23:50:30.147] [INFO ] [main] - Clicking on element: Show Participants (ClickableActions:click:67) 
[23:50:30.147] [INFO ] [main] - Scrolling element located by [Show Participants] into view (ElementActions:scrollIntoView:134) 
[23:50:30.184] [INFO ] [main] - Executing script (DriverActions:executeScript:75) 
[23:50:30.298] [INFO ] [main] - Executing script (DriverActions:executeScript:75) 
[23:50:30.321] [INFO ] [main] - Executing script (DriverActions:executeScript:75) 
[23:50:30.351] [INFO ] [main] - Executing script (DriverActions:executeScript:75) 
[23:50:30.461] [INFO ] [main] - Executing script (DriverActions:executeScript:75) 
[23:50:30.531] [INFO ] [main] - Verifying text of User [Test User] (ElementActions:verifyText:187) 
[23:50:30.532] [INFO ] [main] - Getting text of element located by: User [Test User] (ElementActions:getText:103) 
[23:50:31.075] [INFO ] [main] - Executing script (DriverActions:executeScript:75) 
[23:50:31.186] [INFO ] [main] - Executing script (DriverActions:executeScript:75) 
[23:50:31.219] [INFO ] [main] - Switching current session persona from [User 1] to [User 2]... (ParallelSession:switchPersona:167) 
[23:50:31.219] [WARN ] [main] - No listeners found for listener type [FINGERS_ACTION] in Boyka config... (DriverSession:getListener:129) 
[23:50:31.219] [INFO ] [main] - Clicking on element: End Call Button (ClickableActions:click:67) 
[23:50:31.219] [INFO ] [main] - Scrolling element located by [End Call Button] into view (ElementActions:scrollIntoView:134) 
[23:50:31.251] [INFO ] [main] - Executing script (DriverActions:executeScript:75) 
[23:50:31.365] [INFO ] [main] - Executing script (DriverActions:executeScript:75) 
[23:50:31.392] [INFO ] [main] - Executing script (DriverActions:executeScript:75) 
[23:50:31.421] [INFO ] [main] - Executing script (DriverActions:executeScript:75) 
[23:50:31.534] [INFO ] [main] - Executing script (DriverActions:executeScript:75) 
[23:50:31.716] [INFO ] [main] - Switching current session persona from [User 2] to [User 1]... (ParallelSession:switchPersona:167) 
[23:50:31.717] [WARN ] [main] - No listeners found for listener type [FINGERS_ACTION] in Boyka config... (DriverSession:getListener:129) 
[23:50:31.717] [INFO ] [main] - Clicking on element: End Call Button (ClickableActions:click:67) 
[23:50:31.717] [INFO ] [main] - Scrolling element located by [End Call Button] into view (ElementActions:scrollIntoView:134) 
[23:50:31.765] [INFO ] [main] - Executing script (DriverActions:executeScript:75) 
[23:50:31.880] [INFO ] [main] - Executing script (DriverActions:executeScript:75) 
[23:50:31.910] [INFO ] [main] - Executing script (DriverActions:executeScript:75) 
[23:50:31.943] [INFO ] [main] - Executing script (DriverActions:executeScript:75) 
[23:50:32.052] [INFO ] [main] - Executing script (DriverActions:executeScript:75) 
[23:50:32.106] [WARN ] [main] - No listeners found for listener type [FINGERS_ACTION] in Boyka config... (DriverSession:getListener:129) 
[23:50:32.106] [INFO ] [main] - Clicking on element: End for All (ClickableActions:click:67) 
[23:50:32.106] [INFO ] [main] - Scrolling element located by [End for All] into view (ElementActions:scrollIntoView:134) 
[23:50:32.148] [INFO ] [main] - Executing script (DriverActions:executeScript:75) 
[23:50:32.262] [INFO ] [main] - Executing script (DriverActions:executeScript:75) 
[23:50:32.293] [INFO ] [main] - Executing script (DriverActions:executeScript:75) 
[23:50:32.324] [INFO ] [main] - Executing script (DriverActions:executeScript:75) 
[23:50:32.435] [INFO ] [main] - Executing script (DriverActions:executeScript:75) 
[23:50:32.506] [INFO ] [main] - Checking if element located by: Skip Button is displayed (ElementActions:isDisplayed:111) 
[23:50:33.139] [INFO ] [main] - Executing script (DriverActions:executeScript:75) 
[23:50:33.251] [INFO ] [main] - Executing script (DriverActions:executeScript:75) 
[23:50:33.280] [WARN ] [main] - No listeners found for listener type [FINGERS_ACTION] in Boyka config... (DriverSession:getListener:129) 
[23:50:33.280] [INFO ] [main] - Clicking on element: Skip Button (ClickableActions:click:67) 
[23:50:33.280] [INFO ] [main] - Scrolling element located by [Skip Button] into view (ElementActions:scrollIntoView:134) 
[23:50:33.307] [INFO ] [main] - Executing script (DriverActions:executeScript:75) 
[23:50:33.419] [INFO ] [main] - Executing script (DriverActions:executeScript:75) 
[23:50:33.442] [INFO ] [main] - Executing script (DriverActions:executeScript:75) 
[23:50:33.470] [INFO ] [main] - Executing script (DriverActions:executeScript:75) 
[23:50:33.582] [INFO ] [main] - Executing script (DriverActions:executeScript:75) 
[23:50:35.345] [INFO ] [main] - Clearing all the sessions... (ParallelSession:clearAllSessions:56) 
[23:50:35.345] [INFO ] [main] - Clearing session for persona [User 1]... (ParallelSession:clearSession:72) 
[23:50:35.470] [INFO ] [main] - Switching current session persona from [] to [User 2]... (ParallelSession:switchPersona:167) 
[23:50:35.470] [INFO ] [main] - Clearing session for persona [User 2]... (ParallelSession:clearSession:72) 
[23:50:35.568] [INFO ] [main] - Switching current session persona from [] to [AlertsTest]... (ParallelSession:switchPersona:167) 
[23:50:36.518] [INFO ] [main] - Navigating to url: https://the-internet.herokuapp.com/ (NavigateActions:to:97) 
[23:50:40.211] [INFO ] [main] - Making the window full screen... (WindowActions:fullScreen:98) 
[23:50:40.241] [INFO ] [main] - Navigating to url: https://the-internet.herokuapp.com/ (NavigateActions:to:97) 
[23:50:40.616] [WARN ] [main] - No listeners found for listener type [FINGERS_ACTION] in Boyka config... (DriverSession:getListener:129) 
[23:50:40.617] [INFO ] [main] - Clicking on element: Link [JavaScript Alerts] (ClickableActions:click:67) 
[23:50:40.617] [INFO ] [main] - Scrolling element located by [Link [JavaScript Alerts]] into view (ElementActions:scrollIntoView:134) 
[23:50:40.657] [INFO ] [main] - Executing script (DriverActions:executeScript:75) 
[23:50:40.805] [INFO ] [main] - Executing script (DriverActions:executeScript:75) 
[23:50:40.881] [INFO ] [main] - Executing script (DriverActions:executeScript:75) 
[23:50:40.912] [INFO ] [main] - Executing script (DriverActions:executeScript:75) 
[23:50:41.024] [INFO ] [main] - Executing script (DriverActions:executeScript:75) 
[23:50:41.417] [WARN ] [main] - No listeners found for listener type [FINGERS_ACTION] in Boyka config... (DriverSession:getListener:129) 
[23:50:41.417] [INFO ] [main] - Clicking on element: Alert button (ClickableActions:click:67) 
[23:50:41.417] [INFO ] [main] - Scrolling element located by [Alert button] into view (ElementActions:scrollIntoView:134) 
[23:50:41.444] [INFO ] [main] - Executing script (DriverActions:executeScript:75) 
[23:50:41.553] [INFO ] [main] - Executing script (DriverActions:executeScript:75) 
[23:50:41.576] [INFO ] [main] - Executing script (DriverActions:executeScript:75) 
[23:50:41.598] [INFO ] [main] - Executing script (DriverActions:executeScript:75) 
[23:50:41.709] [INFO ] [main] - Executing script (DriverActions:executeScript:75) 
[23:50:41.771] [INFO ] [main] - Verifying accept alert (AlertActions:verifyAccept:100) 
[23:50:41.775] [INFO ] [main] - Verifying text of Result (ElementActions:verifyText:187) 
[23:50:41.775] [INFO ] [main] - Getting text of element located by: Result (ElementActions:getText:103) 
[23:50:41.799] [INFO ] [main] - Executing script (DriverActions:executeScript:75) 
[23:50:41.911] [INFO ] [main] - Executing script (DriverActions:executeScript:75) 
[23:50:41.939] [WARN ] [main] - No listeners found for listener type [FINGERS_ACTION] in Boyka config... (DriverSession:getListener:129) 
[23:50:41.939] [INFO ] [main] - Clicking on element: Confirm Button (ClickableActions:click:67) 
[23:50:41.939] [INFO ] [main] - Scrolling element located by [Confirm Button] into view (ElementActions:scrollIntoView:134) 
[23:50:41.972] [INFO ] [main] - Executing script (DriverActions:executeScript:75) 
[23:50:42.084] [INFO ] [main] - Executing script (DriverActions:executeScript:75) 
[23:50:42.105] [INFO ] [main] - Executing script (DriverActions:executeScript:75) 
[23:50:42.126] [INFO ] [main] - Executing script (DriverActions:executeScript:75) 
[23:50:42.234] [INFO ] [main] - Executing script (DriverActions:executeScript:75) 
[23:50:42.287] [INFO ] [main] - Verifying accept alert (AlertActions:verifyAccept:100) 
[23:50:42.291] [INFO ] [main] - Verifying text of Result (ElementActions:verifyText:187) 
[23:50:42.291] [INFO ] [main] - Getting text of element located by: Result (ElementActions:getText:103) 
[23:50:42.311] [INFO ] [main] - Executing script (DriverActions:executeScript:75) 
[23:50:42.423] [INFO ] [main] - Executing script (DriverActions:executeScript:75) 
[23:50:42.448] [WARN ] [main] - No listeners found for listener type [FINGERS_ACTION] in Boyka config... (DriverSession:getListener:129) 
[23:50:42.448] [INFO ] [main] - Clicking on element: Confirm Button (ClickableActions:click:67) 
[23:50:42.448] [INFO ] [main] - Scrolling element located by [Confirm Button] into view (ElementActions:scrollIntoView:134) 
[23:50:42.485] [INFO ] [main] - Executing script (DriverActions:executeScript:75) 
[23:50:42.592] [INFO ] [main] - Executing script (DriverActions:executeScript:75) 
[23:50:42.613] [INFO ] [main] - Executing script (DriverActions:executeScript:75) 
[23:50:42.635] [INFO ] [main] - Executing script (DriverActions:executeScript:75) 
[23:50:42.744] [INFO ] [main] - Executing script (DriverActions:executeScript:75) 
[23:50:42.784] [INFO ] [main] - Verifying alert message and dismissing the alert (AlertActions:verifyDismiss:118) 
[23:50:42.787] [INFO ] [main] - Verifying text of Result (ElementActions:verifyText:187) 
[23:50:42.787] [INFO ] [main] - Getting text of element located by: Result (ElementActions:getText:103) 
[23:50:42.806] [INFO ] [main] - Executing script (DriverActions:executeScript:75) 
[23:50:42.917] [INFO ] [main] - Executing script (DriverActions:executeScript:75) 
[23:50:42.941] [WARN ] [main] - No listeners found for listener type [FINGERS_ACTION] in Boyka config... (DriverSession:getListener:129) 
[23:50:42.941] [INFO ] [main] - Clicking on element: Prompt Button (ClickableActions:click:67) 
[23:50:42.941] [INFO ] [main] - Scrolling element located by [Prompt Button] into view (ElementActions:scrollIntoView:134) 
[23:50:42.972] [INFO ] [main] - Executing script (DriverActions:executeScript:75) 
[23:50:43.084] [INFO ] [main] - Executing script (DriverActions:executeScript:75) 
[23:50:43.110] [INFO ] [main] - Executing script (DriverActions:executeScript:75) 
[23:50:43.130] [INFO ] [main] - Executing script (DriverActions:executeScript:75) 
[23:50:43.242] [INFO ] [main] - Executing script (DriverActions:executeScript:75) 
[23:50:43.289] [INFO ] [main] - Verifying accept prompt (AlertActions:verifyAccept:109) 
[23:50:43.294] [INFO ] [main] - Verifying text of Result (ElementActions:verifyText:187) 
[23:50:43.294] [INFO ] [main] - Getting text of element located by: Result (ElementActions:getText:103) 
[23:50:43.319] [INFO ] [main] - Executing script (DriverActions:executeScript:75) 
[23:50:43.430] [INFO ] [main] - Executing script (DriverActions:executeScript:75) 
[23:50:43.478] [INFO ] [main] - Verifying browser url (NavigateActions:verifyUrl:106) 
[23:50:43.479] [INFO ] [main] - Getting url of the browser (NavigateActions:getUrl:80) 
[23:50:43.482] [INFO ] [main] - Clearing session for persona [AlertsTest]... (ParallelSession:clearSession:72) 
[23:50:43.566] [INFO ] [main] - Switching current session persona from [] to [DropDownTest]... (ParallelSession:switchPersona:167) 
[23:50:44.451] [INFO ] [main] - Navigating to url: https://the-internet.herokuapp.com/ (NavigateActions:to:97) 
[23:50:55.236] [INFO ] [main] - Navigating to url: https://letcode.in/dropdowns (NavigateActions:to:97) 
[23:50:57.658] [WARN ] [main] - No listeners found for listener type [FINGERS_ACTION] in Boyka config... (DriverSession:getListener:129) 
[23:50:57.658] [INFO ] [main] - Selecting element located by: Super Heroes by index: 3 (DropDownActions:selectByIndex:135) 
[23:50:57.686] [INFO ] [main] - Executing script (DriverActions:executeScript:75) 
[23:50:57.798] [INFO ] [main] - Executing script (DriverActions:executeScript:75) 
[23:50:57.871] [WARN ] [main] - No listeners found for listener type [FINGERS_ACTION] in Boyka config... (DriverSession:getListener:129) 
[23:50:57.872] [INFO ] [main] - Selecting element located by: Super Heroes by index: 4 (DropDownActions:selectByIndex:135) 
[23:50:57.889] [INFO ] [main] - Executing script (DriverActions:executeScript:75) 
[23:50:57.999] [INFO ] [main] - Executing script (DriverActions:executeScript:75) 
[23:50:58.082] [WARN ] [main] - No listeners found for listener type [FINGERS_ACTION] in Boyka config... (DriverSession:getListener:129) 
[23:50:58.082] [INFO ] [main] - Verifying the selected items... (DropDownActions:verifySelectedItems:207) 
[23:50:58.082] [INFO ] [main] - Getting all selected options from element located by: Super Heroes (DropDownActions:selectedItems:187) 
[23:50:58.101] [INFO ] [main] - Executing script (DriverActions:executeScript:75) 
[23:50:58.248] [INFO ] [main] - Executing script (DriverActions:executeScript:75) 
[23:50:58.366] [WARN ] [main] - No listeners found for listener type [FINGERS_ACTION] in Boyka config... (DriverSession:getListener:129) 
[23:50:58.366] [INFO ] [main] - Deselecting element located by: Super Heroes (DropDownActions:deselectAll:75) 
[23:50:58.384] [INFO ] [main] - Executing script (DriverActions:executeScript:75) 
[23:50:58.491] [INFO ] [main] - Executing script (DriverActions:executeScript:75) 
[23:50:58.626] [WARN ] [main] - No listeners found for listener type [FINGERS_ACTION] in Boyka config... (DriverSession:getListener:129) 
[23:50:58.626] [INFO ] [main] - Verifying the selected items... (DropDownActions:verifySelectedItems:207) 
[23:50:58.626] [INFO ] [main] - Getting all selected options from element located by: Super Heroes (DropDownActions:selectedItems:187) 
[23:50:58.641] [INFO ] [main] - Executing script (DriverActions:executeScript:75) 
[23:50:58.747] [INFO ] [main] - Executing script (DriverActions:executeScript:75) 
[23:50:58.852] [WARN ] [main] - No listeners found for listener type [FINGERS_ACTION] in Boyka config... (DriverSession:getListener:129) 
[23:50:58.852] [INFO ] [main] - Selecting element located by: Super Heroes by index: 4 (DropDownActions:selectByIndex:135) 
[23:50:58.870] [INFO ] [main] - Executing script (DriverActions:executeScript:75) 
[23:50:58.980] [INFO ] [main] - Executing script (DriverActions:executeScript:75) 
[23:50:59.041] [WARN ] [main] - No listeners found for listener type [FINGERS_ACTION] in Boyka config... (DriverSession:getListener:129) 
[23:50:59.041] [INFO ] [main] - Verifying the selected item... (DropDownActions:verifySelectedItem:200) 
[23:50:59.041] [INFO ] [main] - Getting selected option from element located by: Super Heroes (DropDownActions:selectedItem:171) 
[23:50:59.056] [INFO ] [main] - Executing script (DriverActions:executeScript:75) 
[23:50:59.162] [INFO ] [main] - Executing script (DriverActions:executeScript:75) 
[23:50:59.202] [WARN ] [main] - No listeners found for listener type [FINGERS_ACTION] in Boyka config... (DriverSession:getListener:129) 
[23:50:59.202] [INFO ] [main] - Deselecting element located by: Super Heroes by index: 4 (DropDownActions:deselectByIndex:90) 
[23:50:59.219] [INFO ] [main] - Executing script (DriverActions:executeScript:75) 
[23:50:59.327] [INFO ] [main] - Executing script (DriverActions:executeScript:75) 
[23:50:59.387] [WARN ] [main] - No listeners found for listener type [FINGERS_ACTION] in Boyka config... (DriverSession:getListener:129) 
[23:50:59.388] [INFO ] [main] - Verifying the selected item... (DropDownActions:verifySelectedItem:200) 
[23:50:59.388] [INFO ] [main] - Getting selected option from element located by: Super Heroes (DropDownActions:selectedItem:171) 
[23:50:59.402] [INFO ] [main] - Executing script (DriverActions:executeScript:75) 
[23:50:59.511] [INFO ] [main] - Executing script (DriverActions:executeScript:75) 
[23:50:59.619] [WARN ] [main] - No listeners found for listener type [FINGERS_ACTION] in Boyka config... (DriverSession:getListener:129) 
[23:50:59.619] [INFO ] [main] - Selecting element located by: Super Heroes by text: Aquaman (DropDownActions:selectByText:147) 
[23:50:59.638] [INFO ] [main] - Executing script (DriverActions:executeScript:75) 
[23:50:59.745] [INFO ] [main] - Executing script (DriverActions:executeScript:75) 
[23:50:59.795] [WARN ] [main] - No listeners found for listener type [FINGERS_ACTION] in Boyka config... (DriverSession:getListener:129) 
[23:50:59.795] [INFO ] [main] - Verifying the selected item... (DropDownActions:verifySelectedItem:200) 
[23:50:59.796] [INFO ] [main] - Getting selected option from element located by: Super Heroes (DropDownActions:selectedItem:171) 
[23:50:59.811] [INFO ] [main] - Executing script (DriverActions:executeScript:75) 
[23:50:59.921] [INFO ] [main] - Executing script (DriverActions:executeScript:75) 
[23:50:59.957] [WARN ] [main] - No listeners found for listener type [FINGERS_ACTION] in Boyka config... (DriverSession:getListener:129) 
[23:50:59.957] [INFO ] [main] - Deselecting element located by: Super Heroes by visible text: Aquaman (DropDownActions:deselectByText:105) 
[23:50:59.974] [INFO ] [main] - Executing script (DriverActions:executeScript:75) 
[23:51:00.084] [INFO ] [main] - Executing script (DriverActions:executeScript:75) 
[23:51:00.126] [WARN ] [main] - No listeners found for listener type [FINGERS_ACTION] in Boyka config... (DriverSession:getListener:129) 
[23:51:00.126] [INFO ] [main] - Verifying the selected item... (DropDownActions:verifySelectedItem:200) 
[23:51:00.127] [INFO ] [main] - Getting selected option from element located by: Super Heroes (DropDownActions:selectedItem:171) 
[23:51:00.142] [INFO ] [main] - Executing script (DriverActions:executeScript:75) 
[23:51:00.250] [INFO ] [main] - Executing script (DriverActions:executeScript:75) 
[23:51:00.355] [WARN ] [main] - No listeners found for listener type [FINGERS_ACTION] in Boyka config... (DriverSession:getListener:129) 
[23:51:00.356] [INFO ] [main] - Selecting element located by: Super Heroes by value: bt (DropDownActions:selectByValue:159) 
[23:51:00.374] [INFO ] [main] - Executing script (DriverActions:executeScript:75) 
[23:51:00.483] [INFO ] [main] - Executing script (DriverActions:executeScript:75) 
[23:51:00.530] [WARN ] [main] - No listeners found for listener type [FINGERS_ACTION] in Boyka config... (DriverSession:getListener:129) 
[23:51:00.530] [INFO ] [main] - Verifying the selected item... (DropDownActions:verifySelectedItem:200) 
[23:51:00.530] [INFO ] [main] - Getting selected option from element located by: Super Heroes (DropDownActions:selectedItem:171) 
[23:51:00.546] [INFO ] [main] - Executing script (DriverActions:executeScript:75) 
[23:51:00.656] [INFO ] [main] - Executing script (DriverActions:executeScript:75) 
[23:51:00.696] [WARN ] [main] - No listeners found for listener type [FINGERS_ACTION] in Boyka config... (DriverSession:getListener:129) 
[23:51:00.696] [INFO ] [main] - Deselecting element located by: Super Heroes by value: bt (DropDownActions:deselectByValue:120) 
[23:51:00.714] [INFO ] [main] - Executing script (DriverActions:executeScript:75) 
[23:51:00.824] [INFO ] [main] - Executing script (DriverActions:executeScript:75) 
[23:51:00.864] [WARN ] [main] - No listeners found for listener type [FINGERS_ACTION] in Boyka config... (DriverSession:getListener:129) 
[23:51:00.864] [INFO ] [main] - Verifying the selected item... (DropDownActions:verifySelectedItem:200) 
[23:51:00.864] [INFO ] [main] - Getting selected option from element located by: Super Heroes (DropDownActions:selectedItem:171) 
[23:51:00.879] [INFO ] [main] - Executing script (DriverActions:executeScript:75) 
[23:51:00.989] [INFO ] [main] - Executing script (DriverActions:executeScript:75) 
[23:51:01.099] [WARN ] [main] - No listeners found for listener type [FINGERS_ACTION] in Boyka config... (DriverSession:getListener:129) 
[23:51:01.100] [INFO ] [main] - Selecting element located by: Super Heroes by value: ta (DropDownActions:selectByValue:159) 
[23:51:01.119] [INFO ] [main] - Executing script (DriverActions:executeScript:75) 
[23:51:01.229] [INFO ] [main] - Executing script (DriverActions:executeScript:75) 
[23:51:01.278] [WARN ] [main] - No listeners found for listener type [FINGERS_ACTION] in Boyka config... (DriverSession:getListener:129) 
[23:51:01.278] [INFO ] [main] - Selecting element located by: Super Heroes by index: 3 (DropDownActions:selectByIndex:135) 
[23:51:01.297] [INFO ] [main] - Executing script (DriverActions:executeScript:75) 
[23:51:01.408] [INFO ] [main] - Executing script (DriverActions:executeScript:75) 
[23:51:01.470] [WARN ] [main] - No listeners found for listener type [FINGERS_ACTION] in Boyka config... (DriverSession:getListener:129) 
[23:51:01.470] [INFO ] [main] - Selecting element located by: Super Heroes by text: Black Panther (DropDownActions:selectByText:147) 
[23:51:01.488] [INFO ] [main] - Executing script (DriverActions:executeScript:75) 
[23:51:01.595] [INFO ] [main] - Executing script (DriverActions:executeScript:75) 
[23:51:01.643] [WARN ] [main] - No listeners found for listener type [FINGERS_ACTION] in Boyka config... (DriverSession:getListener:129) 
[23:51:01.643] [INFO ] [main] - Verifying the selected items... (DropDownActions:verifySelectedItems:207) 
[23:51:01.643] [INFO ] [main] - Getting all selected options from element located by: Super Heroes (DropDownActions:selectedItems:187) 
[23:51:01.658] [INFO ] [main] - Executing script (DriverActions:executeScript:75) 
[23:51:01.768] [INFO ] [main] - Executing script (DriverActions:executeScript:75) 
[23:51:01.890] [WARN ] [main] - No listeners found for listener type [FINGERS_ACTION] in Boyka config... (DriverSession:getListener:129) 
[23:51:01.890] [INFO ] [main] - Selecting element located by: Fruits by index: 3 (DropDownActions:selectByIndex:135) 
[23:51:01.913] [INFO ] [main] - Executing script (DriverActions:executeScript:75) 
[23:51:02.023] [INFO ] [main] - Executing script (DriverActions:executeScript:75) 
[23:51:02.083] [WARN ] [main] - No listeners found for listener type [FINGERS_ACTION] in Boyka config... (DriverSession:getListener:129) 
[23:51:02.083] [INFO ] [main] - Verifying the selected item... (DropDownActions:verifySelectedItem:200) 
[23:51:02.083] [INFO ] [main] - Getting selected option from element located by: Fruits (DropDownActions:selectedItem:171) 
[23:51:02.099] [INFO ] [main] - Executing script (DriverActions:executeScript:75) 
[23:51:02.206] [INFO ] [main] - Executing script (DriverActions:executeScript:75) 
[23:51:02.249] [WARN ] [main] - No listeners found for listener type [FINGERS_ACTION] in Boyka config... (DriverSession:getListener:129) 
[23:51:02.249] [INFO ] [main] - Selecting element located by: Fruits by text: Apple (DropDownActions:selectByText:147) 
[23:51:02.266] [INFO ] [main] - Executing script (DriverActions:executeScript:75) 
[23:51:02.377] [INFO ] [main] - Executing script (DriverActions:executeScript:75) 
[23:51:02.420] [WARN ] [main] - No listeners found for listener type [FINGERS_ACTION] in Boyka config... (DriverSession:getListener:129) 
[23:51:02.420] [INFO ] [main] - Verifying the selected item... (DropDownActions:verifySelectedItem:200) 
[23:51:02.420] [INFO ] [main] - Getting selected option from element located by: Fruits (DropDownActions:selectedItem:171) 
[23:51:02.436] [INFO ] [main] - Executing script (DriverActions:executeScript:75) 
[23:51:02.546] [INFO ] [main] - Executing script (DriverActions:executeScript:75) 
[23:51:02.581] [WARN ] [main] - No listeners found for listener type [FINGERS_ACTION] in Boyka config... (DriverSession:getListener:129) 
[23:51:02.582] [INFO ] [main] - Selecting element located by: Fruits by value: 1 (DropDownActions:selectByValue:159) 
[23:51:02.601] [INFO ] [main] - Executing script (DriverActions:executeScript:75) 
[23:51:02.710] [INFO ] [main] - Executing script (DriverActions:executeScript:75) 
[23:51:02.757] [WARN ] [main] - No listeners found for listener type [FINGERS_ACTION] in Boyka config... (DriverSession:getListener:129) 
[23:51:02.757] [INFO ] [main] - Verifying the selected item... (DropDownActions:verifySelectedItem:200) 
[23:51:02.757] [INFO ] [main] - Getting selected option from element located by: Fruits (DropDownActions:selectedItem:171) 
[23:51:02.772] [INFO ] [main] - Executing script (DriverActions:executeScript:75) 
[23:51:02.882] [INFO ] [main] - Executing script (DriverActions:executeScript:75) 
[23:51:02.919] [INFO ] [main] - Clearing session for persona [DropDownTest]... (ParallelSession:clearSession:72) 
[23:51:03.002] [INFO ] [main] - Switching current session persona from [] to [DoubleClickTest]... (ParallelSession:switchPersona:167) 
[23:51:03.844] [INFO ] [main] - Navigating to url: https://the-internet.herokuapp.com/ (NavigateActions:to:97) 
[23:51:15.307] [INFO ] [main] - Navigating to url: https://webdriveruniversity.com/Actions/index.html (NavigateActions:to:97) 
[23:51:17.567] [WARN ] [main] - No listeners found for listener type [FINGERS_ACTION] in Boyka config... (DriverSession:getListener:129) 
[23:51:17.567] [INFO ] [main] - Click and hold on element: Click Hold (ClickableActions:clickAndHold:85) 
[23:51:17.612] [INFO ] [main] - Executing script (DriverActions:executeScript:75) 
[23:51:17.722] [INFO ] [main] - Executing script (DriverActions:executeScript:75) 
[23:51:22.875] [INFO ] [main] - Verifying text of Click Hold (ElementActions:verifyText:187) 
[23:51:22.875] [INFO ] [main] - Getting text of element located by: Click Hold (ElementActions:getText:103) 
[23:51:22.899] [INFO ] [main] - Executing script (DriverActions:executeScript:75) 
[23:51:23.009] [INFO ] [main] - Executing script (DriverActions:executeScript:75) 
[23:51:23.038] [WARN ] [main] - No listeners found for listener type [FINGERS_ACTION] in Boyka config... (DriverSession:getListener:129) 
[23:51:23.038] [INFO ] [main] - Double Click on element: Double Click (ClickableActions:doubleClick:98) 
[23:51:23.061] [INFO ] [main] - Executing script (DriverActions:executeScript:75) 
[23:51:23.169] [INFO ] [main] - Executing script (DriverActions:executeScript:75) 
[23:51:28.315] [INFO ] [main] - Verifying style of Double Click (ElementActions:verifyStyle:178) 
[23:51:28.316] [INFO ] [main] - Getting attribute: background-color of element located by: Double Click (ElementActions:getStyle:94) 
[23:51:28.344] [INFO ] [main] - Executing script (DriverActions:executeScript:75) 
[23:51:28.456] [INFO ] [main] - Executing script (DriverActions:executeScript:75) 
[23:51:28.487] [WARN ] [main] - No listeners found for listener type [FINGERS_ACTION] in Boyka config... (DriverSession:getListener:129) 
[23:51:28.487] [INFO ] [main] - Hover on element: Hover Button (ClickableActions:hover:124) 
[23:51:28.511] [INFO ] [main] - Executing script (DriverActions:executeScript:75) 
[23:51:28.619] [INFO ] [main] - Executing script (DriverActions:executeScript:75) 
[23:51:33.757] [WARN ] [main] - No listeners found for listener type [FINGERS_ACTION] in Boyka config... (DriverSession:getListener:129) 
[23:51:33.758] [INFO ] [main] - Clicking on element: Hover Menu (ClickableActions:click:67) 
[23:51:33.759] [INFO ] [main] - Scrolling element located by [Hover Menu] into view (ElementActions:scrollIntoView:134) 
[23:51:33.801] [INFO ] [main] - Executing script (DriverActions:executeScript:75) 
[23:51:33.912] [INFO ] [main] - Executing script (DriverActions:executeScript:75) 
[23:51:33.939] [INFO ] [main] - Executing script (DriverActions:executeScript:75) 
[23:51:33.963] [INFO ] [main] - Executing script (DriverActions:executeScript:75) 
[23:51:34.069] [INFO ] [main] - Executing script (DriverActions:executeScript:75) 
[23:51:34.131] [INFO ] [main] - Verifying accept alert (AlertActions:verifyAccept:100) 
[23:51:34.135] [INFO ] [main] - Clearing session for persona [DoubleClickTest]... (ParallelSession:clearSession:72) 
[23:51:34.212] [INFO ] [main] - Switching current session persona from [] to [CheckboxTest]... (ParallelSession:switchPersona:167) 
[23:51:35.068] [INFO ] [main] - Navigating to url: https://the-internet.herokuapp.com/ (NavigateActions:to:97) 
[23:51:39.594] [INFO ] [main] - Navigating to url: https://the-internet.herokuapp.com/checkboxes (NavigateActions:to:97) 
[23:51:39.909] [INFO ] [main] - Verifying element Option 1 is selected (ElementActions:verifyIsSelected:169) 
[23:51:39.909] [INFO ] [main] - Checking if element located by: Option 1 is selected (ElementActions:isSelected:127) 
[23:51:39.936] [INFO ] [main] - Executing script (DriverActions:executeScript:75) 
[23:51:40.044] [INFO ] [main] - Executing script (DriverActions:executeScript:75) 
[23:51:40.068] [INFO ] [main] - Verifying element Option 2 is selected (ElementActions:verifyIsSelected:169) 
[23:51:40.068] [INFO ] [main] - Checking if element located by: Option 2 is selected (ElementActions:isSelected:127) 
[23:51:40.086] [INFO ] [main] - Executing script (DriverActions:executeScript:75) 
[23:51:40.196] [INFO ] [main] - Executing script (DriverActions:executeScript:75) 
[23:51:40.215] [WARN ] [main] - No listeners found for listener type [FINGERS_ACTION] in Boyka config... (DriverSession:getListener:129) 
[23:51:40.215] [INFO ] [main] - Clicking on element: Option 1 (ClickableActions:click:67) 
[23:51:40.215] [INFO ] [main] - Scrolling element located by [Option 1] into view (ElementActions:scrollIntoView:134) 
[23:51:40.234] [INFO ] [main] - Executing script (DriverActions:executeScript:75) 
[23:51:40.343] [INFO ] [main] - Executing script (DriverActions:executeScript:75) 
[23:51:40.363] [INFO ] [main] - Executing script (DriverActions:executeScript:75) 
[23:51:40.386] [INFO ] [main] - Executing script (DriverActions:executeScript:75) 
[23:51:40.496] [INFO ] [main] - Executing script (DriverActions:executeScript:75) 
[23:51:40.539] [INFO ] [main] - Verifying element Option 1 is selected (ElementActions:verifyIsSelected:169) 
[23:51:40.539] [INFO ] [main] - Checking if element located by: Option 1 is selected (ElementActions:isSelected:127) 
[23:51:40.556] [INFO ] [main] - Executing script (DriverActions:executeScript:75) 
[23:51:40.666] [INFO ] [main] - Executing script (DriverActions:executeScript:75) 
[23:51:40.686] [INFO ] [main] - Clearing session for persona [CheckboxTest]... (ParallelSession:clearSession:72) 
[23:51:40.765] [INFO ] [main] - Switching current session persona from [] to [LoginTest]... (ParallelSession:switchPersona:167) 
[23:51:41.618] [INFO ] [main] - Navigating to url: https://the-internet.herokuapp.com/ (NavigateActions:to:97) 
[23:51:49.925] [INFO ] [main] - Navigating to url: https://the-internet.herokuapp.com/login (NavigateActions:to:97) 
[23:51:51.621] [WARN ] [main] - No listeners found for listener type [FINGERS_ACTION] in Boyka config... (DriverSession:getListener:129) 
[23:51:51.622] [INFO ] [main] - Entering text tomsmith to element User Name (TextBoxActions:enterText:62) 
[23:51:51.660] [INFO ] [main] - Executing script (DriverActions:executeScript:75) 
[23:51:51.768] [INFO ] [main] - Executing script (DriverActions:executeScript:75) 
[23:51:51.856] [WARN ] [main] - No listeners found for listener type [FINGERS_ACTION] in Boyka config... (DriverSession:getListener:129) 
[23:51:51.856] [INFO ] [main] - Entering text SuperSecretPassword! to element Password (TextBoxActions:enterText:62) 
[23:51:51.882] [INFO ] [main] - Executing script (DriverActions:executeScript:75) 
[23:51:51.991] [INFO ] [main] - Executing script (DriverActions:executeScript:75) 
[23:51:52.088] [WARN ] [main] - No listeners found for listener type [FINGERS_ACTION] in Boyka config... (DriverSession:getListener:129) 
[23:51:52.088] [INFO ] [main] - Clicking on element: Login Button (ClickableActions:click:67) 
[23:51:52.088] [INFO ] [main] - Scrolling element located by [Login Button] into view (ElementActions:scrollIntoView:134) 
[23:51:52.116] [INFO ] [main] - Executing script (DriverActions:executeScript:75) 
[23:51:52.225] [INFO ] [main] - Executing script (DriverActions:executeScript:75) 
[23:51:52.247] [INFO ] [main] - Executing script (DriverActions:executeScript:75) 
[23:51:52.269] [INFO ] [main] - Executing script (DriverActions:executeScript:75) 
[23:51:52.379] [INFO ] [main] - Executing script (DriverActions:executeScript:75) 
[23:51:53.116] [INFO ] [main] - Verifying text of Message Label (ElementActions:verifyText:187) 
[23:51:53.117] [INFO ] [main] - Getting text of element located by: Message Label (ElementActions:getText:103) 
[23:51:53.140] [INFO ] [main] - Executing script (DriverActions:executeScript:75) 
[23:51:53.252] [INFO ] [main] - Executing script (DriverActions:executeScript:75) 
[23:51:53.278] [WARN ] [main] - No listeners found for listener type [FINGERS_ACTION] in Boyka config... (DriverSession:getListener:129) 
[23:51:53.278] [INFO ] [main] - Clicking on element: Logout Button (ClickableActions:click:67) 
[23:51:53.279] [INFO ] [main] - Scrolling element located by [Logout Button] into view (ElementActions:scrollIntoView:134) 
[23:51:53.303] [INFO ] [main] - Executing script (DriverActions:executeScript:75) 
[23:51:53.413] [INFO ] [main] - Executing script (DriverActions:executeScript:75) 
[23:51:53.434] [INFO ] [main] - Executing script (DriverActions:executeScript:75) 
[23:51:53.454] [INFO ] [main] - Executing script (DriverActions:executeScript:75) 
[23:51:53.566] [INFO ] [main] - Executing script (DriverActions:executeScript:75) 
[23:51:54.246] [INFO ] [main] - Verifying text of Message Label (ElementActions:verifyText:187) 
[23:51:54.246] [INFO ] [main] - Getting text of element located by: Message Label (ElementActions:getText:103) 
[23:51:54.266] [INFO ] [main] - Executing script (DriverActions:executeScript:75) 
[23:51:54.378] [INFO ] [main] - Executing script (DriverActions:executeScript:75) 
[23:51:54.401] [INFO ] [main] - Clearing session for persona [LoginTest]... (ParallelSession:clearSession:72) 
[23:51:54.483] [INFO ] [main] - Switching current session persona from [] to [HoverTest]... (ParallelSession:switchPersona:167) 
[23:51:55.311] [INFO ] [main] - Navigating to url: https://the-internet.herokuapp.com/ (NavigateActions:to:97) 
[23:52:04.468] [INFO ] [main] - Navigating to url: https://the-internet.herokuapp.com/ (NavigateActions:to:97) 
[23:52:04.785] [WARN ] [main] - No listeners found for listener type [FINGERS_ACTION] in Boyka config... (DriverSession:getListener:129) 
[23:52:04.785] [INFO ] [main] - Clicking on element: Link [Hovers] (ClickableActions:click:67) 
[23:52:04.785] [INFO ] [main] - Scrolling element located by [Link [Hovers]] into view (ElementActions:scrollIntoView:134) 
[23:52:04.826] [INFO ] [main] - Executing script (DriverActions:executeScript:75) 
[23:52:04.936] [INFO ] [main] - Executing script (DriverActions:executeScript:75) 
[23:52:04.962] [INFO ] [main] - Executing script (DriverActions:executeScript:75) 
[23:52:04.992] [INFO ] [main] - Executing script (DriverActions:executeScript:75) 
[23:52:05.103] [INFO ] [main] - Executing script (DriverActions:executeScript:75) 
[23:52:05.784] [WARN ] [main] - No listeners found for listener type [FINGERS_ACTION] in Boyka config... (DriverSession:getListener:129) 
[23:52:05.785] [INFO ] [main] - Hover on element: User Image (ClickableActions:hover:124) 
[23:52:05.819] [INFO ] [main] - Executing script (DriverActions:executeScript:75) 
[23:52:05.925] [INFO ] [main] - Executing script (DriverActions:executeScript:75) 
[23:52:06.063] [INFO ] [main] - Verifying text of User Name (ElementActions:verifyText:187) 
[23:52:06.063] [INFO ] [main] - Getting text of element located by: User Name (ElementActions:getText:103) 
[23:52:06.087] [INFO ] [main] - Executing script (DriverActions:executeScript:75) 
[23:52:06.198] [INFO ] [main] - Executing script (DriverActions:executeScript:75) 
[23:52:06.229] [INFO ] [main] - Clearing session for persona [HoverTest]... (ParallelSession:clearSession:72) 
[23:52:06.312] [INFO ] [main] - Switching current session persona from [] to [CookiesTest]... (ParallelSession:switchPersona:167) 
[23:52:07.181] [INFO ] [main] - Navigating to url: https://the-internet.herokuapp.com/ (NavigateActions:to:97) 
[23:52:12.221] [INFO ] [main] - Minimize the window... (WindowActions:minimize:138) 
[23:52:12.874] [INFO ] [main] - Navigating to url: https://the-internet.herokuapp.com/ (NavigateActions:to:97) 
[23:52:13.291] [WARN ] [main] - No listeners found for listener type [FINGERS_ACTION] in Boyka config... (DriverSession:getListener:129) 
[23:52:13.291] [INFO ] [main] - Clicking on element: Link [JavaScript Alerts] (ClickableActions:click:67) 
[23:52:13.291] [INFO ] [main] - Scrolling element located by [Link [JavaScript Alerts]] into view (ElementActions:scrollIntoView:134) 
[23:52:13.327] [INFO ] [main] - Executing script (DriverActions:executeScript:75) 
[23:52:13.433] [INFO ] [main] - Executing script (DriverActions:executeScript:75) 
[23:52:13.459] [INFO ] [main] - Executing script (DriverActions:executeScript:75) 
[23:52:13.486] [INFO ] [main] - Executing script (DriverActions:executeScript:75) 
[23:52:13.595] [INFO ] [main] - Executing script (DriverActions:executeScript:75) 
[23:52:14.012] [INFO ] [main] - Getting all the cookies... (CookieActions:cookies:71) 
[23:52:14.020] [INFO ] [main] - Get Cookie named [optimizelyBuckets]... (CookieActions:cookie:62) 
[23:52:14.025] [INFO ] [main] - Getting all the cookies... (CookieActions:cookies:71) 
[23:52:14.027] [INFO ] [main] - Delete Cookie named [optimizelyBuckets]... (CookieActions:delete:83) 
[23:52:14.031] [INFO ] [main] - Getting all the cookies... (CookieActions:cookies:71) 
[23:52:14.035] [INFO ] [main] - Deleting all the cookies... (CookieActions:deleteAll:93) 
[23:52:14.041] [INFO ] [main] - Getting all the cookies... (CookieActions:cookies:71) 
[23:52:14.043] [INFO ] [main] - Clearing session for persona [CookiesTest]... (ParallelSession:clearSession:72) 
[23:52:14.122] [INFO ] [main] - Switching current session persona from [] to [WindowTest]... (ParallelSession:switchPersona:167) 
[23:52:14.958] [INFO ] [main] - Navigating to url: https://the-internet.herokuapp.com/ (NavigateActions:to:97) 
[23:52:25.672] [INFO ] [main] - Maximize the window... (WindowActions:maximize:127) 
[23:52:25.909] [INFO ] [main] - Navigating to url: https://the-internet.herokuapp.com/ (NavigateActions:to:97) 
[23:52:26.275] [WARN ] [main] - No listeners found for listener type [FINGERS_ACTION] in Boyka config... (DriverSession:getListener:129) 
[23:52:26.275] [INFO ] [main] - Clicking on element: Link [Multiple Windows] (ClickableActions:click:67) 
[23:52:26.275] [INFO ] [main] - Scrolling element located by [Link [Multiple Windows]] into view (ElementActions:scrollIntoView:134) 
[23:52:26.318] [INFO ] [main] - Executing script (DriverActions:executeScript:75) 
[23:52:26.429] [INFO ] [main] - Executing script (DriverActions:executeScript:75) 
[23:52:26.458] [INFO ] [main] - Executing script (DriverActions:executeScript:75) 
[23:52:26.487] [INFO ] [main] - Executing script (DriverActions:executeScript:75) 
[23:52:26.596] [INFO ] [main] - Executing script (DriverActions:executeScript:75) 
[23:52:27.029] [INFO ] [main] - Verifying browser url (NavigateActions:verifyUrl:106) 
[23:52:27.029] [INFO ] [main] - Getting url of the browser (NavigateActions:getUrl:80) 
[23:52:27.034] [INFO ] [main] - Executing script (DriverActions:executeScript:75) 
[23:52:27.063] [INFO ] [main] - Verifying accept alert (AlertActions:verifyAccept:100) 
[23:52:27.074] [INFO ] [main] - Verifying browser url (NavigateActions:verifyUrl:106) 
[23:52:27.074] [INFO ] [main] - Getting url of the browser (NavigateActions:getUrl:80) 
[23:52:27.083] [INFO ] [main] - Switching to new [tab]... (WindowActions:switchToNew:169) 
[23:52:27.110] [INFO ] [main] - Verifying browser title... (WindowActions:verifyTitle:220) 
[23:52:27.110] [INFO ] [main] - Getting title of the browser... (WindowActions:getTitle:109) 
[23:52:27.119] [INFO ] [main] - Verifying browser url (NavigateActions:verifyUrl:106) 
[23:52:27.119] [INFO ] [main] - Getting url of the browser (NavigateActions:getUrl:80) 
[23:52:27.122] [INFO ] [main] - Closing window... (WindowActions:close:78) 
[23:52:27.133] [INFO ] [main] - Switching to main window... (WindowActions:switchToDefault:159) 
[23:52:27.134] [INFO ] [main] - Gets all the available window handles... (WindowActions:handles:117) 
[23:52:27.138] [INFO ] [main] - Gets the current window handle... (WindowActions:currentHandle:88) 
[23:52:27.140] [WARN ] [main] - No listeners found for listener type [FINGERS_ACTION] in Boyka config... (DriverSession:getListener:129) 
[23:52:27.140] [INFO ] [main] - Clicking on element: Click Here (ClickableActions:click:67) 
[23:52:27.140] [INFO ] [main] - Scrolling element located by [Click Here] into view (ElementActions:scrollIntoView:134) 
[23:52:27.170] [INFO ] [main] - Executing script (DriverActions:executeScript:75) 
[23:52:27.281] [INFO ] [main] - Executing script (DriverActions:executeScript:75) 
[23:52:27.302] [INFO ] [main] - Executing script (DriverActions:executeScript:75) 
[23:52:27.325] [INFO ] [main] - Executing script (DriverActions:executeScript:75) 
[23:52:27.436] [INFO ] [main] - Executing script (DriverActions:executeScript:75) 
[23:52:27.483] [INFO ] [main] - Gets all the available window handles... (WindowActions:handles:117) 
[23:52:27.487] [INFO ] [main] - Switching to window: [BD57DFF60BBC077BD0D5CE244FC3DE9C]... (WindowActions:switchTo:149) 
[23:52:27.490] [INFO ] [main] - Waiting for condition... (DriverActions:waitUntil:129) 
[23:52:27.769] [INFO ] [main] - Verifying browser url (NavigateActions:verifyUrl:106) 
[23:52:27.769] [INFO ] [main] - Getting url of the browser (NavigateActions:getUrl:80) 
[23:52:27.771] [INFO ] [main] - Verifying text of Title (ElementActions:verifyText:187) 
[23:52:27.771] [INFO ] [main] - Getting text of element located by: Title (ElementActions:getText:103) 
[23:52:27.797] [INFO ] [main] - Executing script (DriverActions:executeScript:75) 
[23:52:27.904] [INFO ] [main] - Executing script (DriverActions:executeScript:75) 
[23:52:27.928] [INFO ] [main] - Closing window... (WindowActions:close:78) 
[23:52:27.938] [INFO ] [main] - Switching to main window... (WindowActions:switchToDefault:159) 
[23:52:27.938] [INFO ] [main] - Gets all the available window handles... (WindowActions:handles:117) 
[23:52:27.945] [INFO ] [main] - Verifying browser url (NavigateActions:verifyUrl:106) 
[23:52:27.949] [INFO ] [main] - Getting url of the browser (NavigateActions:getUrl:80) 
[23:52:28.259] [INFO ] [main] - Verifying browser url (NavigateActions:verifyUrl:106) 
[23:52:28.259] [INFO ] [main] - Getting url of the browser (NavigateActions:getUrl:80) 
[23:52:28.263] [INFO ] [main] - Clearing session for persona [WindowTest]... (ParallelSession:clearSession:72) 
[23:52:28.344] [INFO ] [main] - Switching current session persona from [] to [FileUploadTest]... (ParallelSession:switchPersona:167) 
[23:52:29.234] [INFO ] [main] - Navigating to url: https://the-internet.herokuapp.com/ (NavigateActions:to:97) 
[23:52:33.358] [INFO ] [main] - Navigating to url: https://the-internet.herokuapp.com/upload (NavigateActions:to:97) 
[23:52:34.375] [WARN ] [main] - No listeners found for listener type [FINGERS_ACTION] in Boyka config... (DriverSession:getListener:129) 
[23:52:34.375] [INFO ] [main] - Entering text /Users/app/Downloads/app-workspace/one-framework/core-java/src/test/resources/test-file.txt to element File Upload Input (TextBoxActions:enterText:62)
[23:52:34.412] [INFO ] [main] - Executing script (DriverActions:executeScript:75) 
[23:52:34.523] [INFO ] [main] - Executing script (DriverActions:executeScript:75) 
[23:52:34.566] [WARN ] [main] - No listeners found for listener type [FINGERS_ACTION] in Boyka config... (DriverSession:getListener:129) 
[23:52:34.566] [INFO ] [main] - Clicking on element: File Submit Button (ClickableActions:click:67) 
[23:52:34.566] [INFO ] [main] - Scrolling element located by [File Submit Button] into view (ElementActions:scrollIntoView:134) 
[23:52:34.590] [INFO ] [main] - Executing script (DriverActions:executeScript:75) 
[23:52:34.698] [INFO ] [main] - Executing script (DriverActions:executeScript:75) 
[23:52:34.719] [INFO ] [main] - Executing script (DriverActions:executeScript:75) 
[23:52:34.739] [INFO ] [main] - Executing script (DriverActions:executeScript:75) 
[23:52:34.848] [INFO ] [main] - Executing script (DriverActions:executeScript:75) 
[23:52:35.248] [INFO ] [main] - Verifying text of Success Title (ElementActions:verifyText:187) 
[23:52:35.248] [INFO ] [main] - Getting text of element located by: Success Title (ElementActions:getText:103) 
[23:52:35.273] [INFO ] [main] - Executing script (DriverActions:executeScript:75) 
[23:52:35.382] [INFO ] [main] - Executing script (DriverActions:executeScript:75) 
[23:52:35.409] [INFO ] [main] - Clearing session for persona [FileUploadTest]... (ParallelSession:clearSession:72) 
[23:52:35.490] [INFO ] [main] - Switching current session persona from [] to [DragDropTest]... (ParallelSession:switchPersona:167) 
[23:52:36.320] [INFO ] [main] - Navigating to url: https://the-internet.herokuapp.com/ (NavigateActions:to:97) 
[23:52:41.338] [INFO ] [main] - Navigating to url: https://webdriveruniversity.com/Actions/index.html (NavigateActions:to:97) 
[23:52:43.242] [WARN ] [main] - No listeners found for listener type [FINGERS_ACTION] in Boyka config... (DriverSession:getListener:129) 
[23:52:43.242] [INFO ] [main] - Drag and Drop on element: Draggable , Droppable (ClickableActions:dragTo:111) 
[23:52:43.275] [INFO ] [main] - Executing script (DriverActions:executeScript:75) 
[23:52:43.386] [INFO ] [main] - Executing script (DriverActions:executeScript:75) 
[23:52:53.690] [INFO ] [main] - Verifying text of Header (ElementActions:verifyText:187) 
[23:52:53.691] [INFO ] [main] - Getting text of element located by: Header (ElementActions:getText:103) 
[23:52:53.726] [INFO ] [main] - Executing script (DriverActions:executeScript:75) 
[23:52:53.836] [INFO ] [main] - Executing script (DriverActions:executeScript:75) 
[23:52:53.867] [INFO ] [main] - Clearing session for persona [DragDropTest]... (ParallelSession:clearSession:72) 
[23:52:53.949] [INFO ] [main] - Switching current session persona from [] to [ContextMenuTest]... (ParallelSession:switchPersona:167) 
[23:52:54.793] [INFO ] [main] - Navigating to url: https://the-internet.herokuapp.com/ (NavigateActions:to:97) 
[23:53:00.978] [INFO ] [main] - Navigating to url: https://the-internet.herokuapp.com/ (NavigateActions:to:97) 
[23:53:01.354] [WARN ] [main] - No listeners found for listener type [FINGERS_ACTION] in Boyka config... (DriverSession:getListener:129) 
[23:53:01.354] [INFO ] [main] - Clicking on element: Link [Context Menu] (ClickableActions:click:67) 
[23:53:01.354] [INFO ] [main] - Scrolling element located by [Link [Context Menu]] into view (ElementActions:scrollIntoView:134) 
[23:53:01.392] [INFO ] [main] - Executing script (DriverActions:executeScript:75) 
[23:53:01.499] [INFO ] [main] - Executing script (DriverActions:executeScript:75) 
[23:53:01.526] [INFO ] [main] - Executing script (DriverActions:executeScript:75) 
[23:53:01.552] [INFO ] [main] - Executing script (DriverActions:executeScript:75) 
[23:53:01.661] [INFO ] [main] - Executing script (DriverActions:executeScript:75) 
[23:53:02.019] [WARN ] [main] - No listeners found for listener type [FINGERS_ACTION] in Boyka config... (DriverSession:getListener:129) 
[23:53:02.019] [INFO ] [main] - Right Click on element: Hot Spot (ClickableActions:rightClick:137) 
[23:53:02.046] [INFO ] [main] - Executing script (DriverActions:executeScript:75) 
[23:53:02.158] [INFO ] [main] - Executing script (DriverActions:executeScript:75) 
[23:53:02.322] [INFO ] [main] - Verifying accept alert (AlertActions:verifyAccept:100) 
[23:53:02.325] [INFO ] [main] - Clearing session for persona [ContextMenuTest]... (ParallelSession:clearSession:72) 
[23:53:02.412] [INFO ] [main] - Switching current session persona from [] to [SauceDemoTest-WEB]... (ParallelSession:switchPersona:167) 
[23:54:29.256] [ERROR] [main] - Error occurred: (org.openqa.selenium.SessionNotCreatedException) (ErrorHandler:forEach:1596) 
[23:54:29.258] [ERROR] [main] - Message: Could not start a new session. Response code 500. Message: session not created: DevToolsActivePort file doesn't exist 
Host info: host: 'Apps-MacBook-Pro.local', ip: '2401:4900:1c5b:13e7:e56c:65b3:8f97:911%en0'
Build info: version: '4.15.0', revision: '1d14b5521b'
System info: os.name: 'Mac OS X', os.arch: 'aarch64', os.version: '14.1.2', java.version: '21.0.1'
Driver info: org.openqa.selenium.edge.EdgeDriver
Command: [null, newSession {capabilities=[Capabilities {browserName: MicrosoftEdge, ms:edgeOptions: {args: [enable-automation, --no-sandbox, --disable-gpu, --disable-dev-shm-usage, --headless=new], binary: /Users/app/.cache/selenium/..., extensions: []}}]}] (ErrorHandler:forEach:1596) 
[23:54:29.258] [ERROR] [main] - 	at org.openqa.selenium.remote.ProtocolHandshake: createSession Line Number: 140 (ErrorHandler:forEach:1596) 
[23:54:29.258] [ERROR] [main] - 	at org.openqa.selenium.remote.ProtocolHandshake: createSession Line Number: 96 (ErrorHandler:forEach:1596) 
[23:54:29.259] [ERROR] [main] - 	at org.openqa.selenium.remote.ProtocolHandshake: createSession Line Number: 68 (ErrorHandler:forEach:1596) 
[23:54:29.259] [ERROR] [main] - 	at org.openqa.selenium.remote.HttpCommandExecutor: execute Line Number: 163 (ErrorHandler:forEach:1596) 
[23:54:29.259] [ERROR] [main] - 	at org.openqa.selenium.remote.service.DriverCommandExecutor: invokeExecute Line Number: 200 (ErrorHandler:forEach:1596) 
[23:54:29.259] [ERROR] [main] - 	at org.openqa.selenium.remote.service.DriverCommandExecutor: execute Line Number: 175 (ErrorHandler:forEach:1596) 
[23:54:29.259] [ERROR] [main] - 	at org.openqa.selenium.remote.RemoteWebDriver: execute Line Number: 607 (ErrorHandler:forEach:1596) 
[23:54:29.259] [ERROR] [main] - 	at org.openqa.selenium.remote.RemoteWebDriver: startSession Line Number: 241 (ErrorHandler:forEach:1596) 
[23:54:29.259] [ERROR] [main] - 	at org.openqa.selenium.remote.RemoteWebDriver: <init> Line Number: 168 (ErrorHandler:forEach:1596) 
[23:54:29.259] [ERROR] [main] - 	at org.openqa.selenium.chromium.ChromiumDriver: <init> Line Number: 108 (ErrorHandler:forEach:1596) 
[23:54:29.260] [ERROR] [main] - 	at org.openqa.selenium.edge.EdgeDriver: <init> Line Number: 61 (ErrorHandler:forEach:1596) 
[23:54:29.260] [ERROR] [main] - 	at org.openqa.selenium.edge.EdgeDriver: <init> Line Number: 57 (ErrorHandler:forEach:1596) 
[23:54:29.260] [ERROR] [main] - 	at org.openqa.selenium.edge.EdgeDriver: <init> Line Number: 49 (ErrorHandler:forEach:1596) 
[23:54:29.260] [ERROR] [main] - 	at com.github.wasiqb.boyka.manager.WebDriverManager: setupEdgeDriver Line Number: 224 (ErrorHandler:forEach:1596) 
[23:54:29.260] [ERROR] [main] - 	at com.github.wasiqb.boyka.manager.WebDriverManager: setupDriver Line Number: 65 (ErrorHandler:forEach:1596) 
[23:54:29.260] [ERROR] [main] - 	at com.github.wasiqb.boyka.manager.DriverManager: setupDriver Line Number: 59 (ErrorHandler:forEach:1596) 
[23:54:29.260] [ERROR] [main] - 	at com.github.wasiqb.boyka.manager.ParallelSession: createSession Line Number: 105 (ErrorHandler:forEach:1596) 
[23:54:29.260] [ERROR] [main] - 	at com.github.wasiqb.boyka.testng.ui.saucedemo.SauceDemoTest: setupTestClass Line Number: 49 (ErrorHandler:forEach:1596) 
[23:54:29.260] [ERROR] [main] - 	at jdk.internal.reflect.DirectMethodHandleAccessor: invoke Line Number: 103 (ErrorHandler:forEach:1596) 
[23:54:29.260] [ERROR] [main] - 	at java.lang.reflect.Method: invoke Line Number: 580 (ErrorHandler:forEach:1596) 
[23:54:29.260] [ERROR] [main] - 	at org.testng.internal.invokers.MethodInvocationHelper: invokeMethod Line Number: 139 (ErrorHandler:forEach:1596) 
[23:54:29.260] [ERROR] [main] - 	at org.testng.internal.invokers.MethodInvocationHelper: invokeMethodConsideringTimeout Line Number: 69 (ErrorHandler:forEach:1596) 
[23:54:29.260] [ERROR] [main] - 	at org.testng.internal.invokers.ConfigInvoker: invokeConfigurationMethod Line Number: 390 (ErrorHandler:forEach:1596) 
[23:54:29.260] [ERROR] [main] - 	at org.testng.internal.invokers.ConfigInvoker: invokeConfigurations Line Number: 325 (ErrorHandler:forEach:1596) 
[23:54:29.261] [ERROR] [main] - 	at org.testng.internal.invokers.TestMethodWorker: invokeBeforeClassMethods Line Number: 180 (ErrorHandler:forEach:1596) 
[23:54:29.261] [ERROR] [main] - 	at org.testng.internal.invokers.TestMethodWorker: run Line Number: 122 (ErrorHandler:forEach:1596) 
[23:54:29.261] [ERROR] [main] - 	at java.util.ArrayList: forEach Line Number: 1,596 (ErrorHandler:forEach:1596) 
[23:54:29.261] [ERROR] [main] - 	at org.testng.TestRunner: privateRun Line Number: 848 (ErrorHandler:forEach:1596) 
[23:54:29.261] [ERROR] [main] - 	at org.testng.TestRunner: run Line Number: 621 (ErrorHandler:forEach:1596) 
[23:54:29.261] [ERROR] [main] - 	at org.testng.SuiteRunner: runTest Line Number: 443 (ErrorHandler:forEach:1596) 
[23:54:29.261] [ERROR] [main] - 	at org.testng.SuiteRunner: runSequentially Line Number: 437 (ErrorHandler:forEach:1596) 
[23:54:29.261] [ERROR] [main] - 	at org.testng.SuiteRunner: privateRun Line Number: 397 (ErrorHandler:forEach:1596) 
[23:54:29.261] [ERROR] [main] - 	at org.testng.SuiteRunner: run Line Number: 336 (ErrorHandler:forEach:1596) 
[23:54:29.261] [ERROR] [main] - 	at org.testng.SuiteRunnerWorker: runSuite Line Number: 52 (ErrorHandler:forEach:1596) 
[23:54:29.261] [ERROR] [main] - 	at org.testng.SuiteRunnerWorker: run Line Number: 95 (ErrorHandler:forEach:1596) 
[23:54:29.261] [ERROR] [main] - 	at org.testng.TestNG: runSuitesSequentially Line Number: 1,280 (ErrorHandler:forEach:1596) 
[23:54:29.261] [ERROR] [main] - 	at org.testng.TestNG: runSuitesLocally Line Number: 1,200 (ErrorHandler:forEach:1596) 
[23:54:29.261] [ERROR] [main] - 	at org.testng.TestNG: runSuites Line Number: 1,114 (ErrorHandler:forEach:1596) 
[23:54:29.261] [ERROR] [main] - 	at org.testng.TestNG: run Line Number: 1,082 (ErrorHandler:forEach:1596) 
[23:54:29.261] [ERROR] [main] - 	at org.apache.maven.surefire.testng.TestNGExecutor: run Line Number: 308 (ErrorHandler:forEach:1596) 
[23:54:29.261] [ERROR] [main] - 	at org.apache.maven.surefire.testng.TestNGXmlTestSuite: execute Line Number: 71 (ErrorHandler:forEach:1596) 
[23:54:29.261] [ERROR] [main] - 	at org.apache.maven.surefire.testng.TestNGProvider: invoke Line Number: 113 (ErrorHandler:forEach:1596) 
[23:54:29.262] [ERROR] [main] - 	at org.apache.maven.surefire.booter.ForkedBooter: runSuitesInProcess Line Number: 385 (ErrorHandler:forEach:1596) 
[23:54:29.262] [ERROR] [main] - 	at org.apache.maven.surefire.booter.ForkedBooter: execute Line Number: 162 (ErrorHandler:forEach:1596) 
[23:54:29.262] [ERROR] [main] - 	at org.apache.maven.surefire.booter.ForkedBooter: run Line Number: 507 (ErrorHandler:forEach:1596) 
[23:54:29.262] [ERROR] [main] - 	at org.apache.maven.surefire.booter.ForkedBooter: main Line Number: 495 (ErrorHandler:forEach:1596) 
[23:54:29.420] [INFO ] [main] - Taking the screenshot... (WindowActions:takeScreenshot:178) 
[23:54:29.421] [INFO ] [main] - Taking screenshot and saving at [./screenshots/SCR-20231202-235429.jpeg]... (WindowActions:takeScreenshot:198) 
[23:54:29.434] [INFO ] [main] - Switching current session persona from [SauceDemoTest-WEB] to [FramesTest]... (ParallelSession:switchPersona:167) 
